Build started 2018-10-29 13:01:04.
     1>Project "G:\Paulina_Szczepańska\nxtpp0-6-3-STARTER\FINAL\examples\vs10\re4\re4\re4.vcxproj" on node 2 (build target(s)).
     1>InitializeBuildStatus:
         Creating "Release\re4.unsuccessfulbuild" because "AlwaysCreate" was specified.
       ClCompile:
         C:\Program Files (x86)\Microsoft Visual Studio 10.0\VC\bin\CL.exe /c /I"C:\nxtpp0-6-3\FINAL\include\\" /Zi /nologo /W3 /WX- /O2 /Oi /Oy- /GL /D WIN32 /D NDEBUG /D _CONSOLE /D _UNICODE /D UNICODE /Gm- /EHsc /MD /GS /Gy /fp:precise /Zc:wchar_t /Zc:forScope /Fo"Release\\" /Fd"Release\vc100.pdb" /Gd /TP /analyze- /errorReport:prompt main.cpp
         main.cpp
     1>c:\nxtpp0-6-3\final\include\fantom\tStatus.h(218): warning C4996: 'strcpy': This function or variable may be unsafe. Consider using strcpy_s instead. To disable deprecation, use _CRT_SECURE_NO_WARNINGS. See online help for details.
                 C:\Program Files (x86)\Microsoft Visual Studio 10.0\VC\include\string.h(105) : see declaration of 'strcpy'
     1>c:\nxtpp0-6-3\final\include\fantom\tStatus.h(219): warning C4996: 'strncat': This function or variable may be unsafe. Consider using strncat_s instead. To disable deprecation, use _CRT_SECURE_NO_WARNINGS. See online help for details.
                 C:\Program Files (x86)\Microsoft Visual Studio 10.0\VC\include\string.h(175) : see declaration of 'strncat'
     1>c:\nxtpp0-6-3\final\include\fantom\tStatus.h(237): warning C4996: 'strcpy': This function or variable may be unsafe. Consider using strcpy_s instead. To disable deprecation, use _CRT_SECURE_NO_WARNINGS. See online help for details.
                 C:\Program Files (x86)\Microsoft Visual Studio 10.0\VC\include\string.h(105) : see declaration of 'strcpy'
     1>c:\nxtpp0-6-3\final\include\fantom\tStatus.h(238): warning C4996: 'strncat': This function or variable may be unsafe. Consider using strncat_s instead. To disable deprecation, use _CRT_SECURE_NO_WARNINGS. See online help for details.
                 C:\Program Files (x86)\Microsoft Visual Studio 10.0\VC\include\string.h(175) : see declaration of 'strncat'
     1>c:\nxtpp0-6-3\final\include\fantom\tStatus.h(299): warning C4996: 'strcpy': This function or variable may be unsafe. Consider using strcpy_s instead. To disable deprecation, use _CRT_SECURE_NO_WARNINGS. See online help for details.
                 C:\Program Files (x86)\Microsoft Visual Studio 10.0\VC\include\string.h(105) : see declaration of 'strcpy'
     1>c:\nxtpp0-6-3\final\include\fantom\tStatus.h(300): warning C4996: 'strncat': This function or variable may be unsafe. Consider using strncat_s instead. To disable deprecation, use _CRT_SECURE_NO_WARNINGS. See online help for details.
                 C:\Program Files (x86)\Microsoft Visual Studio 10.0\VC\include\string.h(175) : see declaration of 'strncat'
     1>main.cpp(17): warning C4244: 'argument' : conversion from 'time_t' to 'unsigned int', possible loss of data
     1>main.cpp(69): warning C4805: '==' : unsafe mix of type 'int' and type 'bool' in operation
     1>main.cpp(69): warning C4996: 'kbhit': The POSIX name for this item is deprecated. Instead, use the ISO C++ conformant name: _kbhit. See online help for details.
                 C:\Program Files (x86)\Microsoft Visual Studio 10.0\VC\include\conio.h(130) : see declaration of 'kbhit'
     1>main.cpp(72): warning C4996: 'getch': The POSIX name for this item is deprecated. Instead, use the ISO C++ conformant name: _getch. See online help for details.
                 C:\Program Files (x86)\Microsoft Visual Studio 10.0\VC\include\conio.h(128) : see declaration of 'getch'
       Link:
         C:\Program Files (x86)\Microsoft Visual Studio 10.0\VC\bin\link.exe /ERRORREPORT:PROMPT /OUT:"G:\Paulina_Szczepańska\nxtpp0-6-3-STARTER\FINAL\examples\vs10\re4\Release\re4.exe" /INCREMENTAL:NO /NOLOGO /LIBPATH:"C:\nxtpp0-6-3\FINAL\bin\win32" kernel32.lib user32.lib gdi32.lib winspool.lib comdlg32.lib advapi32.lib shell32.lib ole32.lib oleaut32.lib uuid.lib odbc32.lib odbccp32.lib NXT++.lib kernel32.lib user32.lib gdi32.lib winspool.lib comdlg32.lib advapi32.lib shell32.lib ole32.lib oleaut32.lib uuid.lib odbc32.lib odbccp32.lib /MANIFEST /ManifestFile:"Release\re4.exe.intermediate.manifest" /MANIFESTUAC:"level='asInvoker' uiAccess='false'" /DEBUG /PDB:"G:\Paulina_Szczepańska\nxtpp0-6-3-STARTER\FINAL\examples\vs10\re4\Release\re4.pdb" /SUBSYSTEM:CONSOLE /OPT:REF /OPT:ICF /LTCG /TLBID:1 /DYNAMICBASE /NXCOMPAT /IMPLIB:"G:\Paulina_Szczepańska\nxtpp0-6-3-STARTER\FINAL\examples\vs10\re4\Release\re4.lib" /MACHINE:X86 Release\main.obj
         Generating code
         Finished generating code
     1>NXT++.lib(nxt++.obj) : warning LNK4099: PDB 'vc100.pdb' was not found with 'NXT++.lib(nxt++.obj)' or at 'G:\Paulina_Szczepańska\nxtpp0-6-3-STARTER\FINAL\examples\vs10\re4\Release\vc100.pdb'; linking object as if no debug info
     1>NXT++.lib(comm.obj) : warning LNK4099: PDB 'vc100.pdb' was not found with 'NXT++.lib(comm.obj)' or at 'G:\Paulina_Szczepańska\nxtpp0-6-3-STARTER\FINAL\examples\vs10\re4\Release\vc100.pdb'; linking object as if no debug info
         re4.vcxproj -> G:\Paulina_Szczepańska\nxtpp0-6-3-STARTER\FINAL\examples\vs10\re4\Release\re4.exe
       Manifest:
         C:\Program Files (x86)\Microsoft SDKs\Windows\v7.0A\bin\mt.exe /nologo /verbose /outputresource:"G:\Paulina_Szczepańska\nxtpp0-6-3-STARTER\FINAL\examples\vs10\re4\Release\re4.exe;#1" /manifest Release\re4.exe.intermediate.manifest
       FinalizeBuildStatus:
         Deleting file "Release\re4.unsuccessfulbuild".
         Touching "Release\re4.lastbuildstate".
     1>Done Building Project "G:\Paulina_Szczepańska\nxtpp0-6-3-STARTER\FINAL\examples\vs10\re4\re4\re4.vcxproj" (build target(s)).

Build succeeded.

Time Elapsed 00:00:01.96
